<?xml version="1.0" encoding="UTF-8"?>
<testsuite name="ru.netology.rest.MobileBankApiTestV3" tests="1" skipped="0" failures="0" errors="0" timestamp="2022-05-04T17:25:52" hostname="DESKTOP-LN1BUHI" time="8.141">
  <properties/>
  <testcase name="shouldReturnDemoAccounts()" classname="ru.netology.rest.MobileBankApiTestV3" time="8.141"/>
  <system-out><![CDATA[]]></system-out>
  <system-err><![CDATA[]]></system-err>
</testsuite>
